<?xml version="1.0" encoding="UTF-8"?>
<testsuite name="PersonTest" tests="2" skipped="0" failures="0" errors="0" timestamp="2017-06-12T21:06:14" hostname="Byrons-MBP.domain" time="0.002">
  <properties/>
  <testcase name="getAddress" classname="PersonTest" time="0.001"/>
  <testcase name="getName_shouldReturnName_String" classname="PersonTest" time="0.0"/>
  <system-out><![CDATA[]]></system-out>
  <system-err><![CDATA[]]></system-err>
</testsuite>
