<?xml version="1.0" encoding="UTF-8"?>
<testsuite name="PersonTest" tests="6" skipped="0" failures="0" errors="0" timestamp="2017-06-12T21:26:29" hostname="Byrons-MBP.domain" time="0.004">
  <properties/>
  <testcase name="getPhone_shouldReturnPhoneNumber_int" classname="PersonTest" time="0.001"/>
  <testcase name="getCity_shouldReturnCity_String" classname="PersonTest" time="0.0"/>
  <testcase name="getAreaCode_shouldReturnAreaCode_int" classname="PersonTest" time="0.0"/>
  <testcase name="getAddress_shouldReturnAddress_String" classname="PersonTest" time="0.0"/>
  <testcase name="getZipCode_shouldReturnZipCode_int" classname="PersonTest" time="0.0"/>
  <testcase name="getName_shouldReturnName_String" classname="PersonTest" time="0.0"/>
  <system-out><![CDATA[]]></system-out>
  <system-err><![CDATA[]]></system-err>
</testsuite>
